#
# There is insufficient memory for the Java Runtime Environment to continue.
# Native memory allocation (mmap) failed to map 67108864 bytes for Failed to commit area from 0x00000000fc000000 to 0x0000000100000000 of length 67108864.
# Possible reasons:
#   The system is out of physical RAM or swap space
#   The process is running with CompressedOops enabled, and the Java Heap may be blocking the growth of the native heap
# Possible solutions:
#   Reduce memory load on the system
#   Increase physical memory or swap space
#   Check if swap backing store is full
#   Decrease Java heap size (-Xmx/-Xms)
#   Decrease number of Java threads
#   Decrease Java thread stack sizes (-Xss)
#   Set larger code cache with -XX:ReservedCodeCacheSize=
# This output file may be truncated or incomplete.
#
#  Out of Memory Error (t:/workspace/open/src/hotspot/os/windows/os_windows.cpp:3264), pid=10652, tid=13664
#
# JRE version:  (12.0.2+10) (build )
# Java VM: Java HotSpot(TM) 64-Bit Server VM (12.0.2+10, mixed mode, aot, sharing, tiered, compressed oops, g1 gc, windows-amd64)
# No core dump will be written. Minidumps are not enabled by default on client versions of Windows
#

---------------  S U M M A R Y ------------

Command Line: -Xmx64m -Xms64m -Dorg.gradle.appname=gradlew org.gradle.wrapper.GradleWrapperMain app:installDebug -PreactNativeDevServerPort=8081

Host: Intel(R) Core(TM) i7-3612QM CPU @ 2.10GHz, 8 cores, 7G,  Windows 10 , 64 bit Build 19041 (10.0.19041.292)
Time: Mon Jul 27 13:38:09 2020 Hora oficial do Brasil elapsed time: 0 seconds (0d 0h 0m 0s)

---------------  T H R E A D  ---------------

Current thread (0x000001f38e664000):  JavaThread "Unknown thread" [_thread_in_vm, id=13664, stack(0x000000cb47700000,0x000000cb47800000)]

Stack: [0x000000cb47700000,0x000000cb47800000]
Native frames: (J=compiled Java code, j=interpreted, Vv=VM code, C=native code)
V  [jvm.dll+0x63aa2a]
V  [jvm.dll+0x78ce1e]
V  [jvm.dll+0x78e4c1]
V  [jvm.dll+0x78eb13]
V  [jvm.dll+0x2627e8]
V  [jvm.dll+0x637f5a]
V  [jvm.dll+0x62c845]
V  [jvm.dll+0x31e49c]
V  [jvm.dll+0x31e2cf]
V  [jvm.dll+0x324006]
V  [jvm.dll+0x371f56]
V  [jvm.dll+0x371720]
V  [jvm.dll+0x2f845a]
V  [jvm.dll+0x2f96d2]
V  [jvm.dll+0x767267]
V  [jvm.dll+0x7689f5]
V  [jvm.dll+0x380059]
V  [jvm.dll+0x74b794]
V  [jvm.dll+0x3ef5cd]
V  [jvm.dll+0x3f1471]
C  [jli.dll+0x51cf]
C  [ucrtbase.dll+0x21542]
C  [KERNEL32.DLL+0x16fd4]
C  [ntdll.dll+0x4cec1]


---------------  P R O C E S S  ---------------

Threads class SMR info:
_java_thread_list=0x00007ffee7177928, length=0, elements={
}

Java Threads: ( => current thread )

Other Threads:
  0x000001f38e680800 GCTaskThread "GC Thread#0" [stack: 0x000000cb47800000,0x000000cb47900000] [id=15076]
  0x000001f38e683800 ConcurrentGCThread "G1 Main Marker" [stack: 0x000000cb47900000,0x000000cb47a00000] [id=13456]
  0x000001f38e688000 ConcurrentGCThread "G1 Conc#0" [stack: 0x000000cb47a00000,0x000000cb47b00000] [id=6784]

[error occurred during error reporting (printing all threads), id 0xc0000005, EXCEPTION_ACCESS_VIOLATION (0xc0000005) at pc=0x00007ffee69a85e7]

VM state:not at safepoint (not fully initialized)

VM Mutex/Monitor currently owned by a thread:  ([mutex/lock_event])
[0x000001f38e65f960] Heap_lock - owner thread: 0x000001f38e664000

Heap address: 0x00000000fc000000, size: 64 MB, Compressed Oops mode: Non-zero based: 0x00000000fc000000
Narrow klass base: 0x0000000000000000, Narrow klass shift: 0

GC Heap History (0 events):
No events

Deoptimization events (0 events):
No events

Classes redefined (0 events):
No events

Internal exceptions (0 events):
No events

Events (0 events):
No events


Dynamic libraries:
0x00007ff73e420000 - 0x00007ff73e42f000 	C:\Program Files\Java\jdk-12.0.2\bin\java.exe
0x00007fff376f0000 - 0x00007fff378e4000 	C:\Windows\SYSTEM32\ntdll.dll
0x00007fff35b70000 - 0x00007fff35c2d000 	C:\Windows\System32\KERNEL32.DLL
0x00007fff34fd0000 - 0x00007fff35297000 	C:\Windows\System32\KERNELBASE.dll
0x00007fff35320000 - 0x00007fff35420000 	C:\Windows\System32\ucrtbase.dll
0x00007fff1f3f0000 - 0x00007fff1f406000 	C:\Program Files\Java\jdk-12.0.2\bin\VCRUNTIME140.dll
0x00007fff1f4d0000 - 0x00007fff1f4e8000 	C:\Program Files\Java\jdk-12.0.2\bin\jli.dll
0x00007fff35d20000 - 0x00007fff35dca000 	C:\Windows\System32\ADVAPI32.dll
0x00007fff35ef0000 - 0x00007fff35f8e000 	C:\Windows\System32\msvcrt.dll
0x00007fff35790000 - 0x00007fff3582b000 	C:\Windows\System32\sechost.dll
0x00007fff35a40000 - 0x00007fff35b63000 	C:\Windows\System32\RPCRT4.dll
0x00007fff36100000 - 0x00007fff362a0000 	C:\Windows\System32\USER32.dll
0x00007fff22c70000 - 0x00007fff22f0a000 	C:\Windows\WinSxS\amd64_microsoft.windows.common-controls_6595b64144ccf1df_6.0.19041.1_none_b555e41d4684ddec\COMCTL32.dll
0x00007fff34fa0000 - 0x00007fff34fc2000 	C:\Windows\System32\win32u.dll
0x00007fff35760000 - 0x00007fff3578a000 	C:\Windows\System32\GDI32.dll
0x00007fff355a0000 - 0x00007fff356aa000 	C:\Windows\System32\gdi32full.dll
0x00007fff35420000 - 0x00007fff354bd000 	C:\Windows\System32\msvcp_win.dll
0x00007fff2f250000 - 0x00007fff2f25a000 	C:\Windows\SYSTEM32\VERSION.dll
0x00007fff36e50000 - 0x00007fff36e80000 	C:\Windows\System32\IMM32.DLL
0x00007fff1dda0000 - 0x00007fff1de4a000 	C:\Program Files\Java\jdk-12.0.2\bin\msvcp140.dll
0x00007ffee66a0000 - 0x00007ffee7217000 	C:\Program Files\Java\jdk-12.0.2\bin\server\jvm.dll
0x00007fff36e80000 - 0x00007fff36e88000 	C:\Windows\System32\PSAPI.DLL
0x00007fff30a10000 - 0x00007fff30a19000 	C:\Windows\SYSTEM32\WSOCK32.dll
0x00007fff36090000 - 0x00007fff360fb000 	C:\Windows\System32\WS2_32.dll
0x00007fff1e690000 - 0x00007fff1e6b7000 	C:\Windows\SYSTEM32\WINMM.dll
0x00007fff32dd0000 - 0x00007fff32de3000 	C:\Windows\SYSTEM32\kernel.appcore.dll
0x00007fff1f3d0000 - 0x00007fff1f3e1000 	C:\Program Files\Java\jdk-12.0.2\bin\verify.dll
0x00007fff239a0000 - 0x00007fff23b84000 	C:\Windows\SYSTEM32\DBGHELP.DLL
0x00007fff23820000 - 0x00007fff2384c000 	C:\Windows\SYSTEM32\dbgcore.DLL
0x00007fff35520000 - 0x00007fff3559f000 	C:\Windows\System32\bcryptPrimitives.dll
0x00007fff1dd70000 - 0x00007fff1dd96000 	C:\Program Files\Java\jdk-12.0.2\bin\java.dll
0x00007fff1dd50000 - 0x00007fff1dd67000 	C:\Program Files\Java\jdk-12.0.2\bin\zip.dll
0x00007fff30950000 - 0x00007fff3095a000 	C:\Program Files\Java\jdk-12.0.2\bin\jimage.dll

dbghelp: loaded successfully - version: 4.0.5 - missing functions: none
symbol engine: initialized successfully - sym options: 0x614 - pdb path: .;C:\Program Files\Java\jdk-12.0.2\bin;C:\Windows\SYSTEM32;C:\Windows\WinSxS\amd64_microsoft.windows.common-controls_6595b64144ccf1df_6.0.19041.1_none_b555e41d4684ddec;C:\Program Files\Java\jdk-12.0.2\bin\server

VM Arguments:
jvm_args: -Xmx64m -Xms64m -Dorg.gradle.appname=gradlew 
java_command: org.gradle.wrapper.GradleWrapperMain app:installDebug -PreactNativeDevServerPort=8081
java_class_path (initial): C:\reactnative\epipas\android\\gradle\wrapper\gradle-wrapper.jar
Launcher Type: SUN_STANDARD

[Global flags]
     intx CICompilerCount                          = 4                                         {product} {ergonomic}
     uint ConcGCThreads                            = 2                                         {product} {ergonomic}
     uint G1ConcRefinementThreads                  = 8                                         {product} {ergonomic}
   size_t G1HeapRegionSize                         = 1048576                                   {product} {ergonomic}
    uintx GCDrainStackTargetSize                   = 64                                        {product} {ergonomic}
   size_t InitialHeapSize                          = 67108864                                  {product} {command line}
   size_t MarkStackSize                            = 4194304                                   {product} {ergonomic}
   size_t MaxHeapSize                              = 67108864                                  {product} {command line}
   size_t MinHeapDeltaBytes                        = 1048576                                   {product} {ergonomic}
    uintx NonNMethodCodeHeapSize                   = 5836300                                {pd product} {ergonomic}
    uintx NonProfiledCodeHeapSize                  = 122910970                              {pd product} {ergonomic}
    uintx ProfiledCodeHeapSize                     = 122910970                              {pd product} {ergonomic}
    uintx ReservedCodeCacheSize                    = 251658240                              {pd product} {ergonomic}
     bool SegmentedCodeCache                       = true                                      {product} {ergonomic}
     bool UseCompressedClassPointers               = true                                 {lp64_product} {ergonomic}
     bool UseCompressedOops                        = true                                 {lp64_product} {ergonomic}
     bool UseG1GC                                  = true                                      {product} {ergonomic}
     bool UseLargePagesIndividualAllocation        = false                                  {pd product} {ergonomic}

Logging:
Log output configuration:
 #0: stdout all=warning uptime,level,tags
 #1: stderr all=off uptime,level,tags

Environment Variables:
JAVA_HOME=C:\Program Files\Java\jdk-12.0.2
CLASSPATH=C:\reactnative\epipas\android\\gradle\wrapper\gradle-wrapper.jar
PATH=C:\reactnative\epipas\android\node_modules\.bin;C:\reactnative\epipas\node_modules\.bin;C:\reactnative\node_modules\.bin;C:\node_modules\.bin;C:\Program Files\nodejs;C:\Program Files (x86)\Common Files\Oracle\Java\javapath;C:\Python38\Scripts\;C:\Python38\;C:\Program Files\AdoptOpenJDK\jre-11.0.7.10-hotspot\bin;C:\Program Files\AdoptOpenJDK\jre-8.0.252.09-hotspot\bin;C:\Program Files (x86)\AdoptOpenJDK\jre-8.0.252.09-hotspot\bin;C:\Windows\system32;C:\Windows;C:\Windows\System32\Wbem;C:\Windows\System32\WindowsPowerShell\v1.0\;C:\Windows\System32\OpenSSH\;C:\Program Files\Git\cmd;C:\Program Files\nodejs\;C:\ProgramData\chocolatey\bin;C:\Users\Dell\AppData\Local\Programs\Python\Python38-32\Scripts\;C:\Users\Dell\AppData\Local\Programs\Python\Python38-32\;C:\Users\Dell\AppData\Local\Microsoft\WindowsApps;C:\Users\Dell\AppData\Local\Programs\Microsoft VS Code\bin;C:\Users\Dell\AppData\Roaming\npm;C:\Users\Dell\AppData\Local\Android\Sdk\platform-tools;
USERNAME=Dell
OS=Windows_NT
PROCESSOR_IDENTIFIER=Intel64 Family 6 Model 58 Stepping 9, GenuineIntel



---------------  S Y S T E M  ---------------

OS: Windows 10 , 64 bit Build 19041 (10.0.19041.292)

CPU:total 8 (initial active 8) (4 cores per cpu, 2 threads per core) family 6 model 58 stepping 9, cmov, cx8, fxsr, mmx, sse, sse2, sse3, ssse3, sse4.1, sse4.2, popcnt, avx, aes, clmul, erms, ht, tsc, tscinvbit, tscinv

Memory: 4k page, system-wide physical 8061M (632M free)
TotalPageFile size 11252M (AvailPageFile size 36M)
current process WorkingSet (physical memory assigned to process): 9M, peak: 9M
current process commit charge ("private bytes"): 59M, peak: 123M

vm_info: Java HotSpot(TM) 64-Bit Server VM (12.0.2+10) for windows-amd64 JRE (12.0.2+10), built on Jul 16 2019 01:56:17 by "mach5one" with MS VC++ 15.5 (VS2017)

END.
